2025-06-03 03:22:33,562 - INFO - === MedPulse Hierarchy Fix Tool (Firebase Direct) ===
2025-06-03 03:22:33,562 - INFO - Firebase Credentials: ../../../medforum-488ec-firebase-adminsdk-fbsvc-5551c2161a.json
2025-06-03 03:22:33,562 - INFO - JSON File: merged_filters.json
2025-06-03 03:22:33,562 - INFO - Initializing Firebase Admin SDK...
2025-06-03 03:22:33,624 - INFO - Firebase initialized successfully!
2025-06-03 03:22:33,624 - INFO - Loaded 7 especialidades from JSON file
2025-06-03 03:22:33,624 - INFO - Fetching all filters from Firestore...
2025-06-03 03:22:34,428 - INFO - Found 10 filters in Firestore
2025-06-03 03:22:34,428 - INFO - Fixing hierarchy for filter: Cirurgia
2025-06-03 03:22:34,428 - INFO - Fetching subfilters for filter KEjt2tGF8FRFv7OCjjzB...
2025-06-03 03:22:34,526 - INFO - Found 0 subfilters for filter KEjt2tGF8FRFv7OCjjzB
2025-06-03 03:22:34,527 - WARNING - Parent subfilter 'Avaliação Pré-Operatória' not found in database
2025-06-03 03:22:34,527 - WARNING - Parent subfilter 'Princípios da Anestesiologia' not found in database
2025-06-03 03:22:34,527 - WARNING - Parent subfilter 'Resposta Endócrino-Metabólica-Inflamatória ao Trauma (REMIT)' not found in database
2025-06-03 03:22:34,527 - WARNING - Parent subfilter 'Nutrição em Cirurgia e Recuperação Pós-Operatória' not found in database
2025-06-03 03:22:34,527 - WARNING - Parent subfilter 'Complicações Pós-Operatórias' not found in database
2025-06-03 03:22:34,528 - WARNING - Parent subfilter 'Cicatrização de Feridas' not found in database
2025-06-03 03:22:34,528 - WARNING - Parent subfilter 'Temas Gerais em Cirurgia' not found in database
2025-06-03 03:22:34,528 - WARNING - Parent subfilter 'Hérnias da Parede Abdominal' not found in database
2025-06-03 03:22:34,528 - WARNING - Parent subfilter 'Trauma' not found in database
2025-06-03 03:22:34,528 - WARNING - Parent subfilter 'Queimaduras e Trauma Elétrico' not found in database
2025-06-03 03:22:34,528 - WARNING - Parent subfilter 'Urgências Abdominais' not found in database
2025-06-03 03:22:34,529 - WARNING - Parent subfilter 'Cirurgia Bariátrica e Metabólica' not found in database
2025-06-03 03:22:34,529 - WARNING - Parent subfilter 'Vesícula e Vias Biliares' not found in database
2025-06-03 03:22:34,529 - WARNING - Parent subfilter 'Ostomias Intestinais' not found in database
2025-06-03 03:22:34,529 - WARNING - Parent subfilter 'Megacólon Adquirido' not found in database
2025-06-03 03:22:34,529 - WARNING - Parent subfilter 'Proctologia' not found in database
2025-06-03 03:22:34,529 - WARNING - Parent subfilter 'Cirurgia Infantil' not found in database
2025-06-03 03:22:34,529 - WARNING - Parent subfilter 'Cirurgia Vascular' not found in database
2025-06-03 03:22:34,530 - WARNING - Parent subfilter 'Urologia' not found in database
2025-06-03 03:22:34,530 - WARNING - Parent subfilter 'Cirurgia Plástica' not found in database
2025-06-03 03:22:34,530 - WARNING - Parent subfilter 'Cirurgia Torácica' not found in database
2025-06-03 03:22:34,530 - WARNING - Parent subfilter 'Cirurgia de Cabeça e Pescoço' not found in database
2025-06-03 03:22:34,530 - INFO - Completed 'Cirurgia' - 0 updates made

2025-06-03 03:22:34,530 - INFO - Fixing hierarchy for filter: Clínica Médica
2025-06-03 03:22:34,530 - INFO - Fetching subfilters for filter sBdELUCWphMgCZxCOxVh...
2025-06-03 03:22:34,630 - INFO - Found 0 subfilters for filter sBdELUCWphMgCZxCOxVh
2025-06-03 03:22:34,631 - WARNING - Parent subfilter 'Cardiologia' not found in database
2025-06-03 03:22:34,631 - WARNING - Parent subfilter 'Dermatologia' not found in database
2025-06-03 03:22:34,631 - WARNING - Parent subfilter 'Endocrinologia' not found in database
2025-06-03 03:22:34,631 - WARNING - Parent subfilter 'Gastroenterologia' not found in database
2025-06-03 03:22:34,631 - WARNING - Parent subfilter 'Hepatologia' not found in database
2025-06-03 03:22:34,632 - WARNING - Parent subfilter 'Hematologia' not found in database
2025-06-03 03:22:34,632 - WARNING - Parent subfilter 'Infectologia' not found in database
2025-06-03 03:22:34,632 - WARNING - Parent subfilter 'Nefrologia' not found in database
2025-06-03 03:22:34,632 - WARNING - Parent subfilter 'Neurologia' not found in database
2025-06-03 03:22:34,633 - WARNING - Parent subfilter 'Pneumologia' not found in database
2025-06-03 03:22:34,633 - WARNING - Parent subfilter 'Reumatologia' not found in database
2025-06-03 03:22:34,633 - INFO - Completed 'Clínica Médica' - 0 updates made

2025-06-03 03:22:34,633 - INFO - Fixing hierarchy for filter: Ginecologia
2025-06-03 03:22:34,634 - INFO - Fetching subfilters for filter CiDxFef9TFNRIWFLDV8i...
2025-06-03 03:22:34,730 - INFO - Found 0 subfilters for filter CiDxFef9TFNRIWFLDV8i
2025-06-03 03:22:34,731 - WARNING - Parent subfilter 'Ginecologia básica' not found in database
2025-06-03 03:22:34,731 - WARNING - Parent subfilter 'Ginecologia geral' not found in database
2025-06-03 03:22:34,731 - WARNING - Parent subfilter 'Ginecologia endócrina' not found in database
2025-06-03 03:22:34,731 - WARNING - Parent subfilter 'Infecções em ginecologia' not found in database
2025-06-03 03:22:34,731 - WARNING - Parent subfilter 'Oncologia ginecológica' not found in database
2025-06-03 03:22:34,731 - WARNING - Parent subfilter 'Mastologia' not found in database
2025-06-03 03:22:34,732 - WARNING - Parent subfilter 'Uroginecologia' not found in database
2025-06-03 03:22:34,732 - WARNING - Parent subfilter 'Sexualidade' not found in database
2025-06-03 03:22:34,732 - INFO - Completed 'Ginecologia' - 0 updates made

2025-06-03 03:22:34,732 - INFO - Fixing hierarchy for filter: Medicina Preventiva
2025-06-03 03:22:34,732 - INFO - Fetching subfilters for filter qSi2WX5jwudEzSarcS7P...
2025-06-03 03:22:34,837 - INFO - Found 0 subfilters for filter qSi2WX5jwudEzSarcS7P
2025-06-03 03:22:34,838 - WARNING - Parent subfilter 'Sistema Único de Saúde (SUS)' not found in database
2025-06-03 03:22:34,838 - WARNING - Parent subfilter 'Medicina de Família e Comunidade' not found in database
2025-06-03 03:22:34,838 - WARNING - Parent subfilter 'Epidemiologia' not found in database
2025-06-03 03:22:34,838 - WARNING - Parent subfilter 'Ética Médica' not found in database
2025-06-03 03:22:34,838 - WARNING - Parent subfilter 'Saúde do Trabalhador' not found in database
2025-06-03 03:22:34,838 - INFO - Completed 'Medicina Preventiva' - 0 updates made

2025-06-03 03:22:34,838 - INFO - Fixing hierarchy for filter: Obstetrícia
2025-06-03 03:22:34,839 - INFO - Fetching subfilters for filter 6xgNEeuKIwedjIcFECAS...
2025-06-03 03:22:34,932 - INFO - Found 0 subfilters for filter 6xgNEeuKIwedjIcFECAS
2025-06-03 03:22:34,933 - WARNING - Parent subfilter 'Obstetrícia fisiológica' not found in database
2025-06-03 03:22:34,933 - WARNING - Parent subfilter 'Pré-natal' not found in database
2025-06-03 03:22:34,933 - WARNING - Parent subfilter 'Parto' not found in database
2025-06-03 03:22:34,933 - WARNING - Parent subfilter 'Puerpério' not found in database
2025-06-03 03:22:34,933 - WARNING - Parent subfilter 'Intercorrências obstétricas /obstetrícia patológica' not found in database
2025-06-03 03:22:34,933 - WARNING - Parent subfilter 'Doenças associadas à gestação' not found in database
2025-06-03 03:22:34,933 - WARNING - Parent subfilter 'Medicina fetal' not found in database
2025-06-03 03:22:34,933 - INFO - Completed 'Obstetrícia' - 0 updates made

2025-06-03 03:22:34,933 - INFO - Fixing hierarchy for filter: Pediatria
2025-06-03 03:22:34,934 - INFO - Fetching subfilters for filter VUtjlR9eqj5cq6Ho0SH0...
2025-06-03 03:22:35,031 - INFO - Found 0 subfilters for filter VUtjlR9eqj5cq6Ho0SH0
2025-06-03 03:22:35,032 - WARNING - Parent subfilter 'Puericultura' not found in database
2025-06-03 03:22:35,032 - WARNING - Parent subfilter 'Pneumologia Pediátrica' not found in database
2025-06-03 03:22:35,032 - WARNING - Parent subfilter 'Infectologia Pediátrica' not found in database
2025-06-03 03:22:35,033 - WARNING - Parent subfilter 'Cardiologia Pediátrica' not found in database
2025-06-03 03:22:35,033 - WARNING - Parent subfilter 'Gastrologia Pediátrica' not found in database
2025-06-03 03:22:35,033 - WARNING - Parent subfilter 'Hematologia Pediátrica' not found in database
2025-06-03 03:22:35,033 - WARNING - Parent subfilter 'Nefrologia Pediátrica' not found in database
2025-06-03 03:22:35,033 - WARNING - Parent subfilter 'Neuropediatria' not found in database
2025-06-03 03:22:35,034 - WARNING - Parent subfilter 'Reumatologia Pediátrica' not found in database
2025-06-03 03:22:35,034 - WARNING - Parent subfilter 'Endocrinologia pediátrica' not found in database
2025-06-03 03:22:35,034 - WARNING - Parent subfilter 'Emergências Pediátricas' not found in database
2025-06-03 03:22:35,034 - WARNING - Parent subfilter 'Neonatologia' not found in database
2025-06-03 03:22:35,034 - WARNING - Parent subfilter 'Maus tratos à crianças e adolescentes' not found in database
2025-06-03 03:22:35,034 - INFO - Completed 'Pediatria' - 0 updates made

2025-06-03 03:22:35,034 - INFO - Fixing hierarchy for filter: Outros
2025-06-03 03:22:35,034 - INFO - Fetching subfilters for filter 4hwsfW2qeexbteucOQwk...
2025-06-03 03:22:35,129 - INFO - Found 0 subfilters for filter 4hwsfW2qeexbteucOQwk
2025-06-03 03:22:35,130 - WARNING - Parent subfilter 'Oftalmologia' not found in database
2025-06-03 03:22:35,130 - WARNING - Parent subfilter 'Ortopedia' not found in database
2025-06-03 03:22:35,130 - WARNING - Parent subfilter 'Otorrinolaringologia' not found in database
2025-06-03 03:22:35,130 - WARNING - Parent subfilter 'Psiquiatria' not found in database
2025-06-03 03:22:35,131 - WARNING - Parent subfilter 'Medicina Legal' not found in database
2025-06-03 03:22:35,131 - WARNING - Parent subfilter 'Ciclo Básico' not found in database
2025-06-03 03:22:35,131 - WARNING - Parent subfilter 'Língua Portuguesa (Português)' not found in database
2025-06-03 03:22:35,131 - WARNING - Parent subfilter 'Matemática' not found in database
2025-06-03 03:22:35,131 - WARNING - Parent subfilter 'Raciocínio Lógico' not found in database
2025-06-03 03:22:35,132 - WARNING - Parent subfilter 'Direito' not found in database
2025-06-03 03:22:35,132 - WARNING - Parent subfilter 'Informática' not found in database
2025-06-03 03:22:35,132 - WARNING - Parent subfilter 'Atualidades' not found in database
2025-06-03 03:22:35,132 - WARNING - Parent subfilter 'Inglês' not found in database
2025-06-03 03:22:35,132 - WARNING - Parent subfilter 'Formação Geral - ENADE' not found in database
2025-06-03 03:22:35,132 - INFO - Completed 'Outros' - 0 updates made

2025-06-03 03:22:35,132 - INFO - 
============================================================
2025-06-03 03:22:35,133 - INFO - HIERARCHY FIX SUMMARY
2025-06-03 03:22:35,133 - INFO - ============================================================
2025-06-03 03:22:35,133 - INFO - Filters Processed: 7
2025-06-03 03:22:35,133 - INFO - Total Updates Made: 0
2025-06-03 03:22:35,133 - INFO - ============================================================
2025-06-03 03:22:35,133 - INFO - No updates needed - hierarchy was already correct!
2025-06-03 03:25:00,639 - INFO - === MedPulse Hierarchy Fix Tool (Firebase Direct) ===
2025-06-03 03:25:00,640 - INFO - Firebase Credentials: ../../../medforum-488ec-firebase-adminsdk-fbsvc-5551c2161a.json
2025-06-03 03:25:00,640 - INFO - JSON File: merged_filters.json
2025-06-03 03:25:00,640 - INFO - Initializing Firebase Admin SDK...
2025-06-03 03:25:00,687 - INFO - Firebase initialized successfully!
2025-06-03 03:25:00,689 - INFO - Loaded 7 especialidades from JSON file
2025-06-03 03:25:00,690 - INFO - Fetching all filters from Firestore...
2025-06-03 03:25:01,450 - INFO - Found 10 filters in Firestore
2025-06-03 03:25:01,450 - INFO - Fixing hierarchy for filter: Cirurgia
2025-06-03 03:25:01,450 - INFO - Fetching subfilters for filter KEjt2tGF8FRFv7OCjjzB...
2025-06-03 03:25:01,545 - INFO - Found 0 subfilters for filter KEjt2tGF8FRFv7OCjjzB
2025-06-03 03:25:01,545 - WARNING - Parent subfilter 'Avaliação Pré-Operatória' not found in database
2025-06-03 03:25:01,545 - WARNING - Parent subfilter 'Princípios da Anestesiologia' not found in database
2025-06-03 03:25:01,545 - WARNING - Parent subfilter 'Resposta Endócrino-Metabólica-Inflamatória ao Trauma (REMIT)' not found in database
2025-06-03 03:25:01,546 - WARNING - Parent subfilter 'Nutrição em Cirurgia e Recuperação Pós-Operatória' not found in database
2025-06-03 03:25:01,546 - WARNING - Parent subfilter 'Complicações Pós-Operatórias' not found in database
2025-06-03 03:25:01,546 - WARNING - Parent subfilter 'Cicatrização de Feridas' not found in database
2025-06-03 03:25:01,546 - WARNING - Parent subfilter 'Temas Gerais em Cirurgia' not found in database
2025-06-03 03:25:01,546 - WARNING - Parent subfilter 'Hérnias da Parede Abdominal' not found in database
2025-06-03 03:25:01,546 - WARNING - Parent subfilter 'Trauma' not found in database
2025-06-03 03:25:01,546 - WARNING - Parent subfilter 'Queimaduras e Trauma Elétrico' not found in database
2025-06-03 03:25:01,546 - WARNING - Parent subfilter 'Urgências Abdominais' not found in database
2025-06-03 03:25:01,546 - WARNING - Parent subfilter 'Cirurgia Bariátrica e Metabólica' not found in database
2025-06-03 03:25:01,546 - WARNING - Parent subfilter 'Vesícula e Vias Biliares' not found in database
2025-06-03 03:25:01,547 - WARNING - Parent subfilter 'Ostomias Intestinais' not found in database
2025-06-03 03:25:01,547 - WARNING - Parent subfilter 'Megacólon Adquirido' not found in database
2025-06-03 03:25:01,547 - WARNING - Parent subfilter 'Proctologia' not found in database
2025-06-03 03:25:01,547 - WARNING - Parent subfilter 'Cirurgia Infantil' not found in database
2025-06-03 03:25:01,547 - WARNING - Parent subfilter 'Cirurgia Vascular' not found in database
2025-06-03 03:25:01,547 - WARNING - Parent subfilter 'Urologia' not found in database
2025-06-03 03:25:01,548 - WARNING - Parent subfilter 'Cirurgia Plástica' not found in database
2025-06-03 03:25:01,548 - WARNING - Parent subfilter 'Cirurgia Torácica' not found in database
2025-06-03 03:25:01,548 - WARNING - Parent subfilter 'Cirurgia de Cabeça e Pescoço' not found in database
2025-06-03 03:25:01,548 - INFO - Completed 'Cirurgia' - 0 updates made

2025-06-03 03:25:01,548 - INFO - Fixing hierarchy for filter: Clínica Médica
2025-06-03 03:25:01,548 - INFO - Fetching subfilters for filter sBdELUCWphMgCZxCOxVh...
2025-06-03 03:25:01,653 - INFO - Found 0 subfilters for filter sBdELUCWphMgCZxCOxVh
2025-06-03 03:25:01,653 - WARNING - Parent subfilter 'Cardiologia' not found in database
2025-06-03 03:25:01,653 - WARNING - Parent subfilter 'Dermatologia' not found in database
2025-06-03 03:25:01,653 - WARNING - Parent subfilter 'Endocrinologia' not found in database
2025-06-03 03:25:01,654 - WARNING - Parent subfilter 'Gastroenterologia' not found in database
2025-06-03 03:25:01,654 - WARNING - Parent subfilter 'Hepatologia' not found in database
2025-06-03 03:25:01,654 - WARNING - Parent subfilter 'Hematologia' not found in database
2025-06-03 03:25:01,654 - WARNING - Parent subfilter 'Infectologia' not found in database
2025-06-03 03:25:01,654 - WARNING - Parent subfilter 'Nefrologia' not found in database
2025-06-03 03:25:01,655 - WARNING - Parent subfilter 'Neurologia' not found in database
2025-06-03 03:25:01,655 - WARNING - Parent subfilter 'Pneumologia' not found in database
2025-06-03 03:25:01,655 - WARNING - Parent subfilter 'Reumatologia' not found in database
2025-06-03 03:25:01,655 - INFO - Completed 'Clínica Médica' - 0 updates made

2025-06-03 03:25:01,655 - INFO - Fixing hierarchy for filter: Ginecologia
2025-06-03 03:25:01,655 - INFO - Fetching subfilters for filter CiDxFef9TFNRIWFLDV8i...
2025-06-03 03:25:01,748 - INFO - Found 0 subfilters for filter CiDxFef9TFNRIWFLDV8i
2025-06-03 03:25:01,749 - WARNING - Parent subfilter 'Ginecologia básica' not found in database
2025-06-03 03:25:01,749 - WARNING - Parent subfilter 'Ginecologia geral' not found in database
2025-06-03 03:25:01,749 - WARNING - Parent subfilter 'Ginecologia endócrina' not found in database
2025-06-03 03:25:01,750 - WARNING - Parent subfilter 'Infecções em ginecologia' not found in database
2025-06-03 03:25:01,750 - WARNING - Parent subfilter 'Oncologia ginecológica' not found in database
2025-06-03 03:25:01,750 - WARNING - Parent subfilter 'Mastologia' not found in database
2025-06-03 03:25:01,750 - WARNING - Parent subfilter 'Uroginecologia' not found in database
2025-06-03 03:25:01,750 - WARNING - Parent subfilter 'Sexualidade' not found in database
2025-06-03 03:25:01,750 - INFO - Completed 'Ginecologia' - 0 updates made

2025-06-03 03:25:01,751 - INFO - Fixing hierarchy for filter: Medicina Preventiva
2025-06-03 03:25:01,751 - INFO - Fetching subfilters for filter qSi2WX5jwudEzSarcS7P...
2025-06-03 03:25:01,845 - INFO - Found 0 subfilters for filter qSi2WX5jwudEzSarcS7P
2025-06-03 03:25:01,846 - WARNING - Parent subfilter 'Sistema Único de Saúde (SUS)' not found in database
2025-06-03 03:25:01,846 - WARNING - Parent subfilter 'Medicina de Família e Comunidade' not found in database
2025-06-03 03:25:01,846 - WARNING - Parent subfilter 'Epidemiologia' not found in database
2025-06-03 03:25:01,846 - WARNING - Parent subfilter 'Ética Médica' not found in database
2025-06-03 03:25:01,846 - WARNING - Parent subfilter 'Saúde do Trabalhador' not found in database
2025-06-03 03:25:01,847 - INFO - Completed 'Medicina Preventiva' - 0 updates made

2025-06-03 03:25:01,847 - INFO - Fixing hierarchy for filter: Obstetrícia
2025-06-03 03:25:01,847 - INFO - Fetching subfilters for filter 6xgNEeuKIwedjIcFECAS...
2025-06-03 03:25:01,946 - INFO - Found 0 subfilters for filter 6xgNEeuKIwedjIcFECAS
2025-06-03 03:25:01,947 - WARNING - Parent subfilter 'Obstetrícia fisiológica' not found in database
2025-06-03 03:25:01,947 - WARNING - Parent subfilter 'Pré-natal' not found in database
2025-06-03 03:25:01,947 - WARNING - Parent subfilter 'Parto' not found in database
2025-06-03 03:25:01,947 - WARNING - Parent subfilter 'Puerpério' not found in database
2025-06-03 03:25:01,947 - WARNING - Parent subfilter 'Intercorrências obstétricas /obstetrícia patológica' not found in database
2025-06-03 03:25:01,947 - WARNING - Parent subfilter 'Doenças associadas à gestação' not found in database
2025-06-03 03:25:01,949 - WARNING - Parent subfilter 'Medicina fetal' not found in database
2025-06-03 03:25:01,949 - INFO - Completed 'Obstetrícia' - 0 updates made

2025-06-03 03:25:01,949 - INFO - Fixing hierarchy for filter: Pediatria
2025-06-03 03:25:01,949 - INFO - Fetching subfilters for filter VUtjlR9eqj5cq6Ho0SH0...
2025-06-03 03:25:02,049 - INFO - Found 0 subfilters for filter VUtjlR9eqj5cq6Ho0SH0
2025-06-03 03:25:02,050 - WARNING - Parent subfilter 'Puericultura' not found in database
2025-06-03 03:25:02,050 - WARNING - Parent subfilter 'Pneumologia Pediátrica' not found in database
2025-06-03 03:25:02,050 - WARNING - Parent subfilter 'Infectologia Pediátrica' not found in database
2025-06-03 03:25:02,050 - WARNING - Parent subfilter 'Cardiologia Pediátrica' not found in database
2025-06-03 03:25:02,050 - WARNING - Parent subfilter 'Gastrologia Pediátrica' not found in database
2025-06-03 03:25:02,051 - WARNING - Parent subfilter 'Hematologia Pediátrica' not found in database
2025-06-03 03:25:02,051 - WARNING - Parent subfilter 'Nefrologia Pediátrica' not found in database
2025-06-03 03:25:02,051 - WARNING - Parent subfilter 'Neuropediatria' not found in database
2025-06-03 03:25:02,051 - WARNING - Parent subfilter 'Reumatologia Pediátrica' not found in database
2025-06-03 03:25:02,052 - WARNING - Parent subfilter 'Endocrinologia pediátrica' not found in database
2025-06-03 03:25:02,052 - WARNING - Parent subfilter 'Emergências Pediátricas' not found in database
2025-06-03 03:25:02,052 - WARNING - Parent subfilter 'Neonatologia' not found in database
2025-06-03 03:25:02,052 - WARNING - Parent subfilter 'Maus tratos à crianças e adolescentes' not found in database
2025-06-03 03:25:02,052 - INFO - Completed 'Pediatria' - 0 updates made

2025-06-03 03:25:02,052 - INFO - Fixing hierarchy for filter: Outros
2025-06-03 03:25:02,052 - INFO - Fetching subfilters for filter 4hwsfW2qeexbteucOQwk...
2025-06-03 03:25:02,152 - INFO - Found 0 subfilters for filter 4hwsfW2qeexbteucOQwk
2025-06-03 03:25:02,152 - WARNING - Parent subfilter 'Oftalmologia' not found in database
2025-06-03 03:25:02,153 - WARNING - Parent subfilter 'Ortopedia' not found in database
2025-06-03 03:25:02,153 - WARNING - Parent subfilter 'Otorrinolaringologia' not found in database
2025-06-03 03:25:02,153 - WARNING - Parent subfilter 'Psiquiatria' not found in database
2025-06-03 03:25:02,154 - WARNING - Parent subfilter 'Medicina Legal' not found in database
2025-06-03 03:25:02,154 - WARNING - Parent subfilter 'Ciclo Básico' not found in database
2025-06-03 03:25:02,154 - WARNING - Parent subfilter 'Língua Portuguesa (Português)' not found in database
2025-06-03 03:25:02,154 - WARNING - Parent subfilter 'Matemática' not found in database
2025-06-03 03:25:02,154 - WARNING - Parent subfilter 'Raciocínio Lógico' not found in database
2025-06-03 03:25:02,155 - WARNING - Parent subfilter 'Direito' not found in database
2025-06-03 03:25:02,155 - WARNING - Parent subfilter 'Informática' not found in database
2025-06-03 03:25:02,155 - WARNING - Parent subfilter 'Atualidades' not found in database
2025-06-03 03:25:02,155 - WARNING - Parent subfilter 'Inglês' not found in database
2025-06-03 03:25:02,155 - WARNING - Parent subfilter 'Formação Geral - ENADE' not found in database
2025-06-03 03:25:02,155 - INFO - Completed 'Outros' - 0 updates made

2025-06-03 03:25:02,155 - INFO - 
============================================================
2025-06-03 03:25:02,156 - INFO - HIERARCHY FIX SUMMARY
2025-06-03 03:25:02,156 - INFO - ============================================================
2025-06-03 03:25:02,156 - INFO - Filters Processed: 7
2025-06-03 03:25:02,156 - INFO - Total Updates Made: 0
2025-06-03 03:25:02,156 - INFO - ============================================================
2025-06-03 03:25:02,156 - INFO - No updates needed - hierarchy was already correct!
2025-06-03 03:26:59,287 - INFO - === MedPulse Firestore Structure Explorer ===
2025-06-03 03:26:59,287 - INFO - Firebase Credentials: ../../../medforum-488ec-firebase-adminsdk-fbsvc-5551c2161a.json
2025-06-03 03:26:59,287 - INFO - Initializing Firebase Admin SDK...
2025-06-03 03:26:59,343 - INFO - Firebase initialized successfully!
2025-06-03 03:26:59,343 - INFO - === EXPLORING FIRESTORE STRUCTURE ===
2025-06-03 03:26:59,343 - INFO - Root level collections:
2025-06-03 03:27:00,355 - INFO -   - apiKeyUsageLogs
2025-06-03 03:27:00,452 - INFO -     Document 1o3ddifzvlYzdAbIolY1: ['endpoint', 'method', 'id', 'apiKeyId', 'statusCode', 'ipAddress', 'timestamp', 'userAgent']
2025-06-03 03:27:00,555 - INFO -     Document GaxJDTj3aSXEA5J2fj0x: ['endpoint', 'method', 'id', 'apiKeyId', 'statusCode', 'ipAddress', 'timestamp', 'userAgent']
2025-06-03 03:27:00,691 - INFO -     Document JHbNbuTZFdV48RbzIAZR: ['endpoint', 'method', 'id', 'apiKeyId', 'statusCode', 'ipAddress', 'timestamp', 'userAgent']
2025-06-03 03:27:00,784 - INFO -   - apiKeys
2025-06-03 03:27:00,870 - INFO -     Document QivnOSNGERknj2apO66E: ['usageCount', 'key', 'description', 'id', 'revokedReason', 'ipRestrictions', 'expiresAt', 'updatedAt', 'name', 'revokedBy', 'isActive', 'scopes', 'userId', 'lastUsedAt', 'prefix', 'revokedAt', 'createdAt']
2025-06-03 03:27:01,011 - INFO -   - articles
2025-06-03 03:27:01,105 - INFO -     Document Q3ptM4i6Hu9qiv9tNx9Y: ['content', 'authorName', 'tags', 'id', 'status', 'categoryId', 'updatedAt', 'slug', 'publishedAt', 'categoryName', 'commentCount', 'authorId', 'title', 'createdAt', 'likeCount', 'viewCount', 'featuredImage']
2025-06-03 03:27:01,205 - INFO -     Document fnhVlNJHNty4L43eEBin: ['content', 'authorName', 'tags', 'id', 'status', 'categoryId', 'updatedAt', 'slug', 'publishedAt', 'categoryName', 'commentCount', 'authorId', 'title', 'createdAt', 'likeCount', 'viewCount', 'featuredImage']
2025-06-03 03:27:01,288 - INFO -     Document rURZpYflhhtITVj6L9M5: ['content', 'authorName', 'tags', 'id', 'status', 'categoryId', 'updatedAt', 'slug', 'publishedAt', 'categoryName', 'commentCount', 'authorId', 'title', 'createdAt', 'likeCount', 'viewCount', 'featuredImage']
2025-06-03 03:27:01,378 - INFO -   - cache
2025-06-03 03:27:01,462 - INFO -     Document vxYGL8MpJBvzw4qdjScD: ['key', 'value', 'id', 'createdAt', 'ttl', 'expiresAt', 'updatedAt']
2025-06-03 03:27:01,549 - INFO -   - decks
2025-06-03 03:27:01,625 - INFO -     Document 5dA3DHHX7fA0Tdrdzkgc: ['description', 'tags', 'id', 'userId', 'isPublic', 'coverImageUrl', 'flashcardCount', 'createdAt', 'status', 'updatedAt', 'name']
2025-06-03 03:27:01,718 - INFO -     Document J3xb7zTDPFX0MipaC2zB: ['description', 'tags', 'id', 'userId', 'isPublic', 'coverImageUrl', 'flashcardCount', 'createdAt', 'status', 'updatedAt', 'name']
2025-06-03 03:27:01,797 - INFO -     Document JPKTUHVajB1EGBi3Pzhg: ['description', 'tags', 'id', 'userId', 'isPublic', 'coverImageUrl', 'flashcardCount', 'createdAt', 'status', 'updatedAt', 'name']
2025-06-03 03:27:01,878 - INFO -   - devices
2025-06-03 03:27:01,951 - INFO -     Document 0msuCa8mFZhGb2QT1811: ['lastActiveAt', 'metadata', 'pushToken', 'updatedAt', 'lastLoginAt', 'deviceType', 'deviceModel', 'isActive', 'userId', 'osVersion', 'fcmToken', 'appVersion', 'createdAt', 'deviceName']
2025-06-03 03:27:02,030 - INFO -     Document 243ofs41YHvo7e2wfEPY: ['lastActiveAt', 'metadata', 'pushToken', 'updatedAt', 'lastLoginAt', 'deviceType', 'deviceModel', 'isActive', 'userId', 'osVersion', 'fcmToken', 'appVersion', 'createdAt', 'deviceName']
2025-06-03 03:27:02,107 - INFO -     Document 5Ellr8oxkGUe44ZalYlL: ['lastActiveAt', 'metadata', 'pushToken', 'updatedAt', 'lastLoginAt', 'deviceType', 'deviceModel', 'isActive', 'userId', 'osVersion', 'fcmToken', 'appVersion', 'createdAt', 'deviceName']
2025-06-03 03:27:02,190 - INFO -   - emailVerificationTokens
2025-06-03 03:27:02,255 - INFO -     Document 0FXbiQYx3ZjSrexYr5Sx: ['type', 'metadata', 'userId', 'token', 'usedAt', 'createdAt', 'email', 'expiresAt', 'updatedAt']
2025-06-03 03:27:02,325 - INFO -     Document 1nEZ0BDqykJuEHaKxiTz: ['type', 'metadata', 'userId', 'token', 'createdAt', 'usedAt', 'email', 'expiresAt', 'updatedAt']
2025-06-03 03:27:02,406 - INFO -     Document 4wobGVkb6Lgn0mkHB09S: ['type', 'metadata', 'userId', 'token', 'usedAt', 'createdAt', 'email', 'expiresAt', 'updatedAt']
2025-06-03 03:27:02,476 - INFO -   - errorNotebookEntries
2025-06-03 03:27:02,544 - INFO -     Document RaDDYOY9SSMRXV1TDc9b: ['id', 'lastReviewedAt', 'notebookId', 'addedAt', 'srsStatus', 'updatedAt', 'nextReviewAt', 'srsInterval', 'questionId', 'programmedReviewId', 'srsEaseFactor', 'createdAt', 'srsRepetitions', 'srsLapses', 'userNotes']
2025-06-03 03:27:02,623 - INFO -     Document jn3H3PT1nuZCofiQdwNo: ['id', 'lastReviewedAt', 'notebookId', 'addedAt', 'srsStatus', 'updatedAt', 'nextReviewAt', 'srsInterval', 'questionId', 'programmedReviewId', 'srsEaseFactor', 'createdAt', 'srsRepetitions', 'srsLapses', 'userNotes']
2025-06-03 03:27:02,710 - INFO -   - errorNotebooks
2025-06-03 03:27:02,786 - INFO -     Document 3oeo9vtkfnii9DAijQBa: ['description', 'entryCount', 'tags', 'id', 'userId', 'isPublic', 'title', 'lastEntryAt', 'createdAt', 'updatedAt']
2025-06-03 03:27:02,880 - INFO -     Document 6Js5JU9PROew392itstx: ['description', 'entryCount', 'tags', 'id', 'userId', 'isPublic', 'title', 'lastEntryAt', 'createdAt', 'updatedAt']
2025-06-03 03:27:02,962 - INFO -     Document 81lDPzQhadUyYFa5hEPk: ['description', 'entryCount', 'tags', 'id', 'userId', 'isPublic', 'title', 'lastEntryAt', 'createdAt', 'updatedAt']
2025-06-03 03:27:03,044 - INFO -   - featureFlagLogs
2025-06-03 03:27:03,115 - INFO -     Document 0UmwsNX0LkPOI3EEG8s4: ['id', 'userId', 'newValue', 'flagKey', 'previousValue', 'timestamp', 'flagId', 'action']
2025-06-03 03:27:03,190 - INFO -     Document 0l70J0UUnjc8DaAZ85b3: ['id', 'userId', 'newValue', 'flagKey', 'previousValue', 'timestamp', 'flagId', 'action']
2025-06-03 03:27:03,264 - INFO -     Document 1hr7dZk6jcksjEluHU2D: ['id', 'userId', 'newValue', 'flagKey', 'previousValue', 'timestamp', 'flagId', 'action']
2025-06-03 03:27:03,344 - INFO -   - featureFlags
2025-06-03 03:27:03,415 - INFO -     Document 2iNTToSqriBcei170HNf: ['key', 'description', 'environment', 'id', 'createdBy', 'metadata', 'enabled', 'createdAt', 'updatedBy', 'updatedAt', 'name']
2025-06-03 03:27:03,500 - INFO -     Document FlPp2T8nmU0kjjvl5WxI: ['description', 'key', 'environment', 'id', 'userPercentage', 'userRoles', 'createdBy', 'enabled', 'createdAt', 'userIds', 'updatedAt', 'name']
2025-06-03 03:27:03,576 - INFO -   - filters
2025-06-03 03:27:03,643 - INFO -     Document 1jspMdlxwZjPP8Siduu0: ['id', 'category', 'filterType', 'createdAt', 'isGlobal', 'status', 'updatedAt', 'name']
2025-06-03 03:27:03,721 - INFO -     Document 4hwsfW2qeexbteucOQwk: ['name', 'createdAt', 'status', 'id', 'updatedAt', 'category']
2025-06-03 03:27:03,805 - INFO -     Document 6xgNEeuKIwedjIcFECAS: ['name', 'createdAt', 'status', 'id', 'updatedAt', 'category']
2025-06-03 03:27:03,875 - INFO -   - flashcardStatistics
2025-06-03 03:27:03,948 - INFO -     Document 1vdZfLJAu1h37cY3eac6faymh1g2_5dA3DHHX7fA0Tdrdzkgc: ['masteredFlashcards', 'reviewingFlashcards', 'archivedFlashcards', 'suspendedFlashcards', 'learningFlashcards', 'lastReviewedAt', 'averageIntervalDays', 'averageEaseFactor', 'dueForReviewCount', 'activeFlashcards', 'updatedAt', 'nextReviewAt', 'totalFlashcards']
2025-06-03 03:27:04,028 - INFO -     Document 1vdZfLJAu1h37cY3eac6faymh1g2_JPKTUHVajB1EGBi3Pzhg: ['totalFlashcards', 'reviewingFlashcards', 'averageEaseFactor', 'learningFlashcards', 'suspendedFlashcards', 'lastReviewedAt', 'averageIntervalDays', 'archivedFlashcards', 'dueForReviewCount', 'activeFlashcards', 'updatedAt', 'nextReviewAt', 'masteredFlashcards']
2025-06-03 03:27:04,114 - INFO -   - flashcards
2025-06-03 03:27:04,190 - INFO -     Document 3VJ5Vtj6VLHmEi5tP9yN: ['deckId', 'metadata', 'tags', 'lastReviewedAt', 'mediaUrls', 'personalNotes', 'frontContent', 'status', 'srsData', 'updatedAt', 'nextReviewAt', 'backContent', 'userId', 'createdAt', 'searchableText']
2025-06-03 03:27:04,269 - INFO -     Document RIEUuPM2GtUdeBx3ZzXi: ['deckId', 'metadata', 'tags', 'lastReviewedAt', 'mediaUrls', 'personalNotes', 'frontContent', 'status', 'srsData', 'updatedAt', 'nextReviewAt', 'backContent', 'userId', 'searchableText', 'createdAt']
2025-06-03 03:27:04,346 - INFO -     Document boFTVasU0iB768zUb8GP: ['deckId', 'metadata', 'tags', 'lastReviewedAt', 'mediaUrls', 'personalNotes', 'frontContent', 'status', 'srsData', 'updatedAt', 'nextReviewAt', 'backContent', 'userId', 'createdAt', 'searchableText']
2025-06-03 03:27:04,421 - INFO -   - mediaFiles
2025-06-03 03:27:04,492 - INFO -     Document 0c509120-131a-43ea-b426-308a782e075a: ['type', 'id', 'userId', 'url', 'originalFilename', 'mimeType', 'createdAt', 'size', 'status', 'filename', 'updatedAt', 'isPublic']
2025-06-03 03:27:04,571 - INFO -     Document 0f01528e-42c3-470a-a71b-93f7f92b6baa: ['type', 'id', 'userId', 'url', 'originalFilename', 'mimeType', 'createdAt', 'size', 'status', 'filename', 'updatedAt', 'isPublic']
2025-06-03 03:27:04,642 - INFO -     Document 31dedd46-ff6d-4fc3-b073-46b5b0d55a38: ['type', 'id', 'userId', 'url', 'originalFilename', 'mimeType', 'createdAt', 'size', 'status', 'filename', 'updatedAt', 'isPublic']
2025-06-03 03:27:04,725 - INFO -   - mentorships
2025-06-03 03:27:04,810 - INFO -     Document Isx40gc8flDqz1jHAPp2: ['studentId', 'id', 'completedMeetings', 'mentorId', 'status', 'meetingFrequency', 'nextMeetingDate', 'updatedAt', 'notes', 'customFrequencyDays', 'totalMeetings', 'createdAt', 'objectives', 'startDate']
2025-06-03 03:27:04,911 - INFO -   - notifications
2025-06-03 03:27:04,977 - INFO -     Document 02M3s0JY0IDAfr8kRLcv: ['relatedId', 'type', 'message', 'id', 'userId', 'relatedType', 'isRead', 'title', 'createdAt', 'updatedAt', 'priority', 'readAt']
2025-06-03 03:27:05,062 - INFO -     Document 0AwtPvsN2WoxvvQgQMbW: ['relatedId', 'type', 'message', 'id', 'userId', 'relatedType', 'isRead', 'title', 'createdAt', 'updatedAt', 'priority', 'readAt']
2025-06-03 03:27:05,136 - INFO -     Document 0qU5PK8Npizm2xXU2Iiq: ['relatedId', 'type', 'message', 'id', 'userId', 'relatedType', 'isRead', 'title', 'createdAt', 'updatedAt', 'priority', 'readAt']
2025-06-03 03:27:05,211 - INFO -   - plans
2025-06-03 03:27:05,277 - INFO -     Document ARNVwRKfl0ActnszCKKF: ['features', 'description', 'isActive', 'id', 'intervalCount', 'isPublic', 'price', 'interval', 'createdAt', 'trialDays', 'updatedAt', 'name']
2025-06-03 03:27:05,359 - INFO -     Document RYpFmzBzXy8nmWXZbDZw: ['features', 'description', 'isActive', 'id', 'isPublic', 'price', 'createdAt', 'durationDays', 'updatedAt', 'name']
2025-06-03 03:27:05,431 - INFO -     Document TcnxFftLzU5xpWELd38V: ['features', 'description', 'isActive', 'id', 'intervalCount', 'isPublic', 'price', 'interval', 'createdAt', 'trialDays', 'updatedAt', 'name']
2025-06-03 03:27:05,524 - INFO -   - programmedReviews
2025-06-03 03:27:05,603 - INFO -     Document 1YnZQD0z3euVVFVdZ1Hn: ['deckId', 'id', 'lastReviewedAt', 'contentType', 'easeFactor', 'contentId', 'status', 'updatedAt', 'nextReviewAt', 'notes', 'repetitions', 'originalAnswerCorrect', 'userId', 'intervalDays', 'createdAt', 'lapses']
2025-06-03 03:27:05,679 - INFO -     Document 36YLjbuhbVBegH1dro6O: ['deckId', 'id', 'lastReviewedAt', 'contentType', 'easeFactor', 'contentId', 'status', 'updatedAt', 'nextReviewAt', 'notes', 'repetitions', 'originalAnswerCorrect', 'userId', 'intervalDays', 'createdAt', 'lapses']
2025-06-03 03:27:05,751 - INFO -     Document 3rxmYICaidgpIZg66Xy8: ['deckId', 'id', 'lastReviewedAt', 'contentType', 'easeFactor', 'contentId', 'status', 'updatedAt', 'nextReviewAt', 'notes', 'repetitions', 'originalAnswerCorrect', 'userId', 'intervalDays', 'createdAt', 'lapses']
2025-06-03 03:27:05,858 - INFO -   - questionListItems
2025-06-03 03:27:05,925 - INFO -     Document 0117156d-c2c8-4a47-84a8-22f08071fea1: ['questionId', 'correctAttempts', 'id', 'isCompleted', 'addedAt', 'lastAttemptedAt', 'personalNotes', 'incorrectAttempts', 'status', 'order', 'updatedAt', 'createdAt', 'questionListId']
2025-06-03 03:27:06,003 - INFO -     Document 011bf6b8-8381-4355-9eec-46137b9e70f4: ['questionId', 'correctAttempts', 'id', 'isCompleted', 'addedAt', 'lastAttemptedAt', 'personalNotes', 'incorrectAttempts', 'status', 'order', 'updatedAt', 'createdAt', 'questionListId']
2025-06-03 03:27:06,077 - INFO -     Document 019c1719-1da4-479c-b52d-d16960b68021: ['questionId', 'correctAttempts', 'id', 'isCompleted', 'addedAt', 'lastAttemptedAt', 'personalNotes', 'incorrectAttempts', 'status', 'order', 'updatedAt', 'createdAt', 'questionListId']
2025-06-03 03:27:06,158 - INFO -   - questionLists
2025-06-03 03:27:06,224 - INFO -     Document 07bf93e7-b081-494c-aac9-4b5d86669737: ['favoriteCount', 'description', 'tags', 'id', 'status', 'questionCount', 'updatedAt', 'name', 'lastAddedAt', 'userId', 'isPublic', 'lastStudyDate', 'title', 'createdAt', 'viewCount', 'completionPercentage']
2025-06-03 03:27:06,319 - INFO -     Document 0f400be7-df5e-41e3-bef5-7e8424ae7e4e: ['favoriteCount', 'description', 'tags', 'id', 'status', 'questionCount', 'updatedAt', 'name', 'lastAddedAt', 'userId', 'isPublic', 'lastStudyDate', 'title', 'createdAt', 'viewCount', 'completionPercentage']
2025-06-03 03:27:06,393 - INFO -     Document 185d2ce6-17a0-431c-af5a-c4f53cf9eaf4: ['favoriteCount', 'description', 'tags', 'id', 'status', 'questionCount', 'updatedAt', 'name', 'lastAddedAt', 'userId', 'isPublic', 'lastStudyDate', 'title', 'createdAt', 'viewCount', 'completionPercentage']
2025-06-03 03:27:06,466 - INFO -   - questionResponses
2025-06-03 03:27:06,541 - INFO -     Document 020oqSIA3dUv62bMpLuK: ['reviewQuality', 'answeredAt', 'nextReviewDate', 'id', 'lastReviewedAt', 'selectedAlternativeId', 'responseTimeSeconds', 'easeFactor', 'isLeech', 'lastReviewQuality', 'updatedAt', 'questionId', 'repetitions', 'programmedReviewId', 'userId', 'interval', 'isCorrectOnFirstAttempt', 'failStreak', 'createdAt', 'isLearning', 'questionListId']
2025-06-03 03:27:06,619 - INFO -     Document 035ecdf4-b920-4a81-9869-c69f06201bb2: ['answeredAt', 'nextReviewDate', 'id', 'lastReviewedAt', 'selectedAlternativeId', 'responseTimeSeconds', 'easeFactor', 'isLeech', 'lastReviewQuality', 'updatedAt', 'questionId', 'selectedOptionId', 'repetitions', 'userId', 'programmedReviewId', 'interval', 'isCorrectOnFirstAttempt', 'failStreak', 'createdAt', 'isLearning', 'questionListId']
2025-06-03 03:27:06,689 - INFO -     Document 065b50f6-5075-489f-b3c8-05dca4b7fb2d: ['answeredAt', 'nextReviewDate', 'id', 'lastReviewedAt', 'selectedAlternativeId', 'responseTimeSeconds', 'easeFactor', 'isLeech', 'lastReviewQuality', 'updatedAt', 'questionId', 'selectedOptionId', 'repetitions', 'userId', 'programmedReviewId', 'interval', 'isCorrectOnFirstAttempt', 'failStreak', 'createdAt', 'isLearning', 'questionListId']
2025-06-03 03:27:06,793 - INFO -   - questions
2025-06-03 03:27:06,880 - INFO -     Document 0668bb80-9611-43d5-bde2-3a8991085a5f: ['averageRating', 'tags', 'createdBy', 'id', 'metadata', 'difficulty', 'status', 'updatedAt', 'subFilterIds', 'reviewCount', 'isActive', 'isAnnulled', 'statement', 'filterIds', 'createdAt', 'alternatives']
2025-06-03 03:27:07,007 - INFO -     Document 0aca7d81-2922-4874-8465-c74317042d0e: ['averageRating', 'tags', 'createdBy', 'id', 'metadata', 'difficulty', 'status', 'updatedAt', 'subFilterIds', 'reviewCount', 'isActive', 'isAnnulled', 'statement', 'filterIds', 'createdAt', 'alternatives']
2025-06-03 03:27:07,083 - INFO -     Document 0f618baf-aa98-4cbf-b203-c929e0db1e56: ['averageRating', 'tags', 'createdBy', 'id', 'metadata', 'difficulty', 'status', 'updatedAt', 'subFilterIds', 'reviewCount', 'isActive', 'isAnnulled', 'statement', 'filterIds', 'createdAt', 'alternatives']
2025-06-03 03:27:07,212 - INFO -   - rateLimitViolations
2025-06-03 03:27:07,288 - INFO -     Document 0UdBv6f0LApvfYNks9fj: ['endpoint', 'key', 'type', 'count', 'id', 'userId', 'apiKeyId', 'limit', 'ipAddress', 'timestamp']
2025-06-03 03:27:07,364 - INFO -     Document 1XiwZYRkwgVAm6hAPSac: ['endpoint', 'key', 'type', 'count', 'id', 'userId', 'apiKeyId', 'limit', 'ipAddress', 'timestamp']
2025-06-03 03:27:07,455 - INFO -     Document 5iF6R1TxRwkjp7ZKFrFL: ['endpoint', 'key', 'type', 'count', 'id', 'userId', 'apiKeyId', 'limit', 'ipAddress', 'timestamp']
2025-06-03 03:27:07,537 - INFO -   - rateLimits
2025-06-03 03:27:07,621 - INFO -     Document endpoint:test-endpoint-1746996995135: ['key', 'type', 'count', 'id', 'resetAt', 'createdAt', 'updatedAt']
2025-06-03 03:27:07,714 - INFO -     Document ip:test-ip-1746996995135: ['key', 'type', 'count', 'id', 'resetAt', 'createdAt', 'updatedAt']
2025-06-03 03:27:07,808 - INFO -     Document user:test-user-1746996995135: ['key', 'type', 'count', 'id', 'resetAt', 'createdAt', 'updatedAt']
2025-06-03 03:27:07,907 - INFO -   - scheduledTasks
2025-06-03 03:27:07,992 - INFO -     Document R1LypZ4PgDpjYF2iLbP9: ['description', 'type', 'createdBy', 'id', 'isActive', 'nextRunAt', 'createdAt', 'schedule', 'updatedAt', 'name']
2025-06-03 03:27:08,081 - INFO -     Document Xyi4qYhbAZXmLkpHo7wL: ['lastRunAt', 'description', 'type', 'createdBy', 'id', 'isActive', 'parameters', 'createdAt', 'nextRunAt', 'schedule', 'updatedAt', 'name']
2025-06-03 03:27:08,173 - INFO -     Document e2rCxFQhlhFiBiHrrxh0: ['description', 'type', 'createdBy', 'id', 'isActive', 'nextRunAt', 'createdAt', 'schedule', 'updatedAt', 'name']
2025-06-03 03:27:08,255 - INFO -   - simulatedExamResults
2025-06-03 03:27:08,338 - INFO -     Document Bkj8yZqDAxbryZr6TTMh: ['id', 'simulatedExamId', 'answers', 'completedAt', 'startedAt', 'updatedAt', 'status', 'totalQuestions', 'userId', 'userName', 'correctCount', 'createdAt', 'incorrectCount', 'timeTakenSeconds', 'score', 'simulatedExamTitle']
2025-06-03 03:27:08,443 - INFO -     Document CKGvUSWPKS4IUY25Otym: ['id', 'simulatedExamId', 'answers', 'completedAt', 'startedAt', 'updatedAt', 'status', 'totalQuestions', 'userId', 'userName', 'correctCount', 'createdAt', 'incorrectCount', 'timeTakenSeconds', 'score', 'simulatedExamTitle']
2025-06-03 03:27:08,533 - INFO -     Document DEYdawx19n03Zb520M5L: ['id', 'simulatedExamId', 'answers', 'completedAt', 'startedAt', 'updatedAt', 'status', 'totalQuestions', 'userId', 'userName', 'correctCount', 'createdAt', 'incorrectCount', 'timeTakenSeconds', 'score', 'simulatedExamTitle']
2025-06-03 03:27:08,647 - INFO -   - simulatedExams
2025-06-03 03:27:08,731 - INFO -     Document 1727967d-ecd5-4bbd-bf35-3f56593fac95: ['description', 'tags', 'createdBy', 'id', 'difficulty', 'subFilterIds', 'updatedAt', 'status', 'totalQuestions', 'randomize', 'questionIds', 'isPublic', 'title', 'filterIds', 'totalPoints', 'createdAt', 'questions']
2025-06-03 03:27:08,801 - INFO -     Document 1749cf3c-ef58-4d1f-b109-790f713a676f: ['description', 'tags', 'createdBy', 'id', 'difficulty', 'subFilterIds', 'updatedAt', 'status', 'totalQuestions', 'randomize', 'questionIds', 'isPublic', 'title', 'filterIds', 'totalPoints', 'createdAt', 'questions']
2025-06-03 03:27:08,909 - INFO -     Document 2018ec29-6015-4e98-b1ef-f6faab715004: ['description', 'tags', 'createdBy', 'id', 'difficulty', 'subFilterIds', 'updatedAt', 'status', 'totalQuestions', 'randomize', 'questionIds', 'isPublic', 'title', 'filterIds', 'totalPoints', 'createdAt', 'questions']
2025-06-03 03:27:08,977 - INFO -   - subFilters
2025-06-03 03:27:09,055 - INFO -     Document 01FAFJLITi5pPOCaczEF: ['id', 'createdAt', 'status', 'parentId', 'updatedAt', 'filterId', 'name']
2025-06-03 03:27:09,133 - INFO -     Document 01rsb7FuhHyQF6ZxB4P7: ['id', 'createdAt', 'status', 'parentId', 'updatedAt', 'filterId', 'name']
2025-06-03 03:27:09,215 - INFO -     Document 03iNcMUXqq6ZMq65hXsi: ['id', 'createdAt', 'status', 'parentId', 'updatedAt', 'filterId', 'name']
2025-06-03 03:27:09,286 - INFO -   - taskExecutionLogs
2025-06-03 03:27:09,365 - INFO -     Document 0SG7NKji9zsYWVac5uZn: ['duration', 'result', 'metadata', 'id', 'taskName', 'taskId', 'error', 'completedAt', 'startedAt', 'status']
2025-06-03 03:27:09,452 - INFO -     Document 838JhmQL6LgMtRVvpnXz: ['duration', 'result', 'metadata', 'id', 'taskName', 'taskId', 'error', 'completedAt', 'startedAt', 'status']
2025-06-03 03:27:09,538 - INFO -     Document DH6EVAxPzeFjAsM2uFrl: ['duration', 'result', 'metadata', 'id', 'taskName', 'taskId', 'error', 'completedAt', 'startedAt', 'status']
2025-06-03 03:27:09,628 - INFO -   - userPlans
2025-06-03 03:27:09,709 - INFO -     Document 0SJzdXKmHqTGFjp6lDSI: ['endDate', 'autoRenew', 'metadata', 'id', 'cancelledAt', 'planId', 'nextBillingDate', 'paymentMethod', 'trialEndsAt', 'status', 'updatedAt', 'lastPaymentId', 'userId', 'createdAt', 'cancellationReason', 'startDate']
2025-06-03 03:27:09,821 - INFO -     Document 5V57KNEcYV0ogZELlpq6: ['endDate', 'autoRenew', 'metadata', 'id', 'cancelledAt', 'planId', 'nextBillingDate', 'paymentMethod', 'trialEndsAt', 'status', 'updatedAt', 'lastPaymentId', 'userId', 'createdAt', 'cancellationReason', 'startDate']
2025-06-03 03:27:09,897 - INFO -     Document CLwL1X0ps30XEkulp9BK: ['endDate', 'autoRenew', 'metadata', 'id', 'cancelledAt', 'planId', 'nextBillingDate', 'paymentMethod', 'trialEndsAt', 'status', 'updatedAt', 'lastPaymentId', 'userId', 'createdAt', 'cancellationReason', 'startDate']
2025-06-03 03:27:09,975 - INFO -   - userStatistics
2025-06-03 03:27:10,056 - INFO -     Document 1vdZfLJAu1h37cY3eac6faymh1g2: ['id', 'studyTimeAnalysis', 'overallAccuracy', 'currentSession', 'updatedAt', 'correctAnswers', 'filterStatistics', 'version', 'lastCalculated', 'learningMetrics', 'userId', 'totalQuestionsAnswered', 'recommendations', 'createdAt', 'examMetrics', 'streakData', 'peerComparison']
2025-06-03 03:27:10,137 - INFO -     Document jCycgf6BlkaHsUa0UOoZfVEFCpw1: ['id', 'studyTimeAnalysis', 'overallAccuracy', 'currentSession', 'updatedAt', 'correctAnswers', 'filterStatistics', 'version', 'lastCalculated', 'learningMetrics', 'userId', 'totalQuestionsAnswered', 'recommendations', 'createdAt', 'examMetrics', 'streakData', 'peerComparison']
2025-06-03 03:27:10,228 - INFO -     Document rF9f5bov4BY8KqUGoyJjp7XSID12: ['id', 'studyTimeAnalysis', 'overallAccuracy', 'currentSession', 'updatedAt', 'correctAnswers', 'filterStatistics', 'version', 'lastCalculated', 'learningMetrics', 'userId', 'totalQuestionsAnswered', 'recommendations', 'createdAt', 'examMetrics', 'streakData', 'peerComparison']
2025-06-03 03:27:10,304 - INFO -   - user_plans
2025-06-03 03:27:10,371 - INFO -     Document 05hjYQR5ZBZub2zYWcMF: ['endsAt', 'metadata', 'id', 'autoRenew', 'planId', 'cancelledAt', 'paymentMethod', 'status', 'startedAt', 'updatedAt', 'userId', 'createdAt', 'cancellationReason', 'paymentId']
2025-06-03 03:27:10,444 - INFO -     Document 0zzIynjkYcpYmsbX355K: ['endDate', 'autoRenew', 'metadata', 'id', 'cancelledAt', 'planId', 'nextBillingDate', 'paymentMethod', 'trialEndsAt', 'status', 'updatedAt', 'lastPaymentId', 'userId', 'createdAt', 'cancellationReason', 'startDate']
2025-06-03 03:27:10,515 - INFO -     Document 1FC8pYpqFSC82GeFdsky: ['endsAt', 'metadata', 'id', 'autoRenew', 'planId', 'cancelledAt', 'paymentMethod', 'status', 'startedAt', 'updatedAt', 'userId', 'createdAt', 'cancellationReason', 'paymentId']
2025-06-03 03:27:10,593 - INFO -   - user_topic_performances
2025-06-03 03:27:10,671 - INFO -     Document 24a6f8be-e8c3-447e-aa05-d842a26e4135: ['lastAnsweredAt', 'id', 'userId', 'totalQuestionsAnswered', 'createdAt', 'subFilterId', 'totalTimeSpentSeconds', 'updatedAt', 'correctAnswers']
2025-06-03 03:27:10,772 - INFO -     Document e0fd4cee-8381-4b76-bf7b-c392cb3686dd: ['lastAnsweredAt', 'id', 'userId', 'totalQuestionsAnswered', 'createdAt', 'subFilterId', 'totalTimeSpentSeconds', 'updatedAt', 'correctAnswers']
2025-06-03 03:27:10,842 - INFO -   - users
2025-06-03 03:27:10,928 - INFO -     Document 1vdZfLJAu1h37cY3eac6faymh1g2: ['displayName', 'photoURL', 'lastLogin', 'role', 'createdAt', 'email', 'totalDecks', 'updatedAt']
2025-06-03 03:27:11,023 - INFO -     Document jCycgf6BlkaHsUa0UOoZfVEFCpw1: ['createdAt', 'email', 'displayName', 'photoURL', 'lastLogin']
2025-06-03 03:27:11,116 - INFO -     Document lO0R5wh79nc35D7Ai2UT8gQJ7zs1: ['lastLogin', 'createdAt', 'email', 'displayName', 'photoURL', 'role']
2025-06-03 03:27:11,187 - INFO - === END EXPLORATION ===

2025-06-03 03:27:58,329 - INFO - === MedPulse Hierarchy Fix Tool (Firebase Direct) ===
2025-06-03 03:27:58,329 - INFO - Firebase Credentials: ../../../medforum-488ec-firebase-adminsdk-fbsvc-5551c2161a.json
2025-06-03 03:27:58,329 - INFO - JSON File: merged_filters.json
2025-06-03 03:27:58,330 - INFO - Initializing Firebase Admin SDK...
2025-06-03 03:27:58,374 - INFO - Firebase initialized successfully!
2025-06-03 03:27:58,375 - INFO - Loaded 7 especialidades from JSON file
2025-06-03 03:27:58,375 - INFO - Fetching all filters from Firestore...
2025-06-03 03:27:59,136 - INFO - Found 10 filters in Firestore
2025-06-03 03:27:59,137 - INFO - Fixing hierarchy for filter: Cirurgia
2025-06-03 03:27:59,137 - INFO - Fetching subfilters for filter KEjt2tGF8FRFv7OCjjzB...
2025-06-03 03:27:59,380 - INFO - Found 145 subfilters for filter KEjt2tGF8FRFv7OCjjzB
2025-06-03 03:27:59,380 - INFO -   Processing 7 children for 'Avaliação Pré-Operatória'
2025-06-03 03:27:59,381 - INFO -   Processing 18 children for 'Princípios da Anestesiologia'
2025-06-03 03:27:59,381 - INFO -   Processing 4 children for 'Resposta Endócrino-Metabólica-Inflamatória ao Trauma (REMIT)'
2025-06-03 03:27:59,381 - INFO -   Processing 6 children for 'Nutrição em Cirurgia e Recuperação Pós-Operatória'
2025-06-03 03:27:59,381 - INFO -   Processing 8 children for 'Temas Gerais em Cirurgia'
2025-06-03 03:27:59,381 - INFO -   Processing 23 children for 'Trauma'
2025-06-03 03:27:59,382 - INFO -   Processing 7 children for 'Queimaduras e Trauma Elétrico'
2025-06-03 03:27:59,382 - INFO -   Processing 23 children for 'Urgências Abdominais'
2025-06-03 03:27:59,382 - INFO -   Processing 10 children for 'Vesícula e Vias Biliares'
2025-06-03 03:27:59,382 - INFO -   Processing 17 children for 'Urologia'
2025-06-03 03:27:59,382 - INFO - Completed 'Cirurgia' - 0 updates made

2025-06-03 03:27:59,382 - INFO - Fixing hierarchy for filter: Clínica Médica
2025-06-03 03:27:59,382 - INFO - Fetching subfilters for filter sBdELUCWphMgCZxCOxVh...
2025-06-03 03:27:59,640 - INFO - Found 541 subfilters for filter sBdELUCWphMgCZxCOxVh
2025-06-03 03:27:59,641 - INFO -   Processing 137 children for 'Cardiologia'
2025-06-03 03:27:59,728 - INFO -     Updated 'Classificação' -> parent: 'Cardiologia'
2025-06-03 03:27:59,908 - INFO -     Updated 'Definição' -> parent: 'Cardiologia'
2025-06-03 03:28:00,103 - INFO -     Updated 'Diagnóstico' -> parent: 'Cardiologia'
2025-06-03 03:28:00,287 - INFO -     Updated 'Fisiopatologia' -> parent: 'Cardiologia'
2025-06-03 03:28:00,466 - INFO -     Updated 'Manifestações clínicas' -> parent: 'Cardiologia'
2025-06-03 03:28:00,574 - INFO -   Processing 79 children for 'Dermatologia'
2025-06-03 03:28:00,670 - INFO -     Updated 'Vasculites' -> parent: 'Dermatologia'
2025-06-03 03:28:00,773 - INFO -   Processing 69 children for 'Endocrinologia'
2025-06-03 03:28:00,858 - INFO -     Updated 'Introdução' -> parent: 'Endocrinologia'
2025-06-03 03:28:00,973 - INFO -   Processing 62 children for 'Gastroenterologia'
2025-06-03 03:28:01,049 - INFO -     Updated 'Diagnóstico' -> parent: 'Gastroenterologia'
2025-06-03 03:28:01,234 - INFO -     Updated 'Epidemiologia' -> parent: 'Gastroenterologia'
2025-06-03 03:28:01,441 - INFO -     Updated 'Manifestações Clínicas' -> parent: 'Gastroenterologia'
2025-06-03 03:28:01,619 - INFO -     Updated 'Tratamento' -> parent: 'Gastroenterologia'
2025-06-03 03:28:01,732 - INFO -   Processing 11 children for 'Hepatologia'
2025-06-03 03:28:01,733 - INFO -   Processing 21 children for 'Hematologia'
2025-06-03 03:28:01,733 - INFO -   Processing 67 children for 'Infectologia'
2025-06-03 03:28:01,808 - INFO -     Updated 'Definição' -> parent: 'Infectologia'
2025-06-03 03:28:01,996 - INFO -     Updated 'Doença de Chagas' -> parent: 'Infectologia'
2025-06-03 03:28:02,190 - INFO -     Updated 'Fisiopatologia' -> parent: 'Infectologia'
2025-06-03 03:28:02,385 - INFO -     Updated 'Tratamento' -> parent: 'Infectologia'
2025-06-03 03:28:02,498 - INFO -   Processing 47 children for 'Nefrologia'
2025-06-03 03:28:02,574 - INFO -     Updated 'Diagnóstico' -> parent: 'Nefrologia'
2025-06-03 03:28:02,749 - INFO -     Updated 'Epidemiologia' -> parent: 'Nefrologia'
2025-06-03 03:28:02,936 - INFO -     Updated 'Tratamento' -> parent: 'Nefrologia'
2025-06-03 03:28:03,041 - INFO -   Processing 27 children for 'Neurologia'
2025-06-03 03:28:03,041 - INFO -   Processing 8 children for 'Pneumologia'
2025-06-03 03:28:03,042 - INFO -   Processing 21 children for 'Reumatologia'
2025-06-03 03:28:03,043 - INFO - Completed 'Clínica Médica' - 18 updates made

2025-06-03 03:28:03,043 - INFO - Fixing hierarchy for filter: Ginecologia
2025-06-03 03:28:03,043 - INFO - Fetching subfilters for filter CiDxFef9TFNRIWFLDV8i...
2025-06-03 03:28:03,169 - INFO - Found 132 subfilters for filter CiDxFef9TFNRIWFLDV8i
2025-06-03 03:28:03,169 - INFO -   Processing 15 children for 'Ginecologia básica'
2025-06-03 03:28:03,170 - INFO -   Processing 8 children for 'Ginecologia geral'
2025-06-03 03:28:03,170 - INFO -   Processing 36 children for 'Ginecologia endócrina'
2025-06-03 03:28:03,170 - INFO -   Processing 18 children for 'Infecções em ginecologia'
2025-06-03 03:28:03,170 - INFO -   Processing 5 children for 'Oncologia ginecológica'
2025-06-03 03:28:03,170 - INFO -   Processing 27 children for 'Mastologia'
2025-06-03 03:28:03,170 - INFO -   Processing 6 children for 'Uroginecologia'
2025-06-03 03:28:03,239 - INFO -     Updated 'Tratamento' -> parent: 'Uroginecologia'
2025-06-03 03:28:03,347 - INFO -   Processing 12 children for 'Sexualidade'
2025-06-03 03:28:03,429 - INFO -     Updated 'Conceitos' -> parent: 'Sexualidade'
2025-06-03 03:28:03,607 - INFO -     Updated 'Classificação' -> parent: 'Sexualidade'
2025-06-03 03:28:03,718 - INFO - Completed 'Ginecologia' - 3 updates made

2025-06-03 03:28:03,718 - INFO - Fixing hierarchy for filter: Medicina Preventiva
2025-06-03 03:28:03,719 - INFO - Fetching subfilters for filter qSi2WX5jwudEzSarcS7P...
2025-06-03 03:28:03,809 - INFO - Found 79 subfilters for filter qSi2WX5jwudEzSarcS7P
2025-06-03 03:28:03,809 - INFO -   Processing 17 children for 'Sistema Único de Saúde (SUS)'
2025-06-03 03:28:03,809 - INFO -   Processing 9 children for 'Medicina de Família e Comunidade'
2025-06-03 03:28:03,809 - INFO -   Processing 32 children for 'Epidemiologia'
2025-06-03 03:28:03,810 - INFO -   Processing 2 children for 'Ética Médica'
2025-06-03 03:28:03,810 - INFO -   Processing 14 children for 'Saúde do Trabalhador'
2025-06-03 03:28:03,810 - INFO - Completed 'Medicina Preventiva' - 0 updates made

2025-06-03 03:28:03,811 - INFO - Fixing hierarchy for filter: Obstetrícia
2025-06-03 03:28:03,811 - INFO - Fetching subfilters for filter 6xgNEeuKIwedjIcFECAS...
2025-06-03 03:28:03,915 - INFO - Found 90 subfilters for filter 6xgNEeuKIwedjIcFECAS
2025-06-03 03:28:03,915 - INFO -   Processing 3 children for 'Obstetrícia fisiológica'
2025-06-03 03:28:03,916 - INFO -   Processing 17 children for 'Parto'
2025-06-03 03:28:03,916 - INFO -   Processing 3 children for 'Puerpério'
2025-06-03 03:28:03,916 - INFO -   Processing 21 children for 'Intercorrências obstétricas /obstetrícia patológica'
2025-06-03 03:28:03,984 - INFO -     Updated 'Incidência' -> parent: 'Intercorrências obstétricas /obstetrícia patológica'
2025-06-03 03:28:04,089 - INFO -   Processing 29 children for 'Doenças associadas à gestação'
2025-06-03 03:28:04,175 - INFO -     Updated 'Conduta' -> parent: 'Doenças associadas à gestação'
2025-06-03 03:28:04,355 - INFO -     Updated 'Diagnóstico' -> parent: 'Doenças associadas à gestação'
2025-06-03 03:28:04,462 - INFO -   Processing 14 children for 'Medicina fetal'
2025-06-03 03:28:04,462 - INFO - Completed 'Obstetrícia' - 3 updates made

2025-06-03 03:28:04,463 - INFO - Fixing hierarchy for filter: Pediatria
2025-06-03 03:28:04,463 - INFO - Fetching subfilters for filter VUtjlR9eqj5cq6Ho0SH0...
2025-06-03 03:28:04,573 - INFO - Found 142 subfilters for filter VUtjlR9eqj5cq6Ho0SH0
2025-06-03 03:28:04,573 - INFO -   Processing 28 children for 'Puericultura'
2025-06-03 03:28:04,573 - INFO -   Processing 33 children for 'Pneumologia Pediátrica'
2025-06-03 03:28:04,661 - INFO -     Updated 'Quadro Clínico' -> parent: 'Pneumologia Pediátrica'
2025-06-03 03:28:04,847 - INFO -     Updated 'Tratamento' -> parent: 'Pneumologia Pediátrica'
2025-06-03 03:28:04,955 - INFO -   Processing 19 children for 'Infectologia Pediátrica'
2025-06-03 03:28:05,053 - INFO -     Updated 'Definição' -> parent: 'Infectologia Pediátrica'
2025-06-03 03:28:05,230 - INFO -     Updated 'Epidemiologia' -> parent: 'Infectologia Pediátrica'
2025-06-03 03:28:05,411 - INFO -     Updated 'Fisiopatologia' -> parent: 'Infectologia Pediátrica'
2025-06-03 03:28:05,590 - INFO -     Updated 'Introdução' -> parent: 'Infectologia Pediátrica'
2025-06-03 03:28:05,694 - INFO -   Processing 5 children for 'Gastrologia Pediátrica'
2025-06-03 03:28:05,694 - INFO -   Processing 5 children for 'Reumatologia Pediátrica'
2025-06-03 03:28:05,694 - INFO -   Processing 2 children for 'Endocrinologia pediátrica'
2025-06-03 03:28:05,694 - INFO -   Processing 19 children for 'Emergências Pediátricas'
2025-06-03 03:28:05,777 - INFO -     Updated 'Introdução' -> parent: 'Emergências Pediátricas'
2025-06-03 03:28:05,892 - INFO -   Processing 26 children for 'Neonatologia'
2025-06-03 03:28:05,975 - INFO -     Updated 'Diagnóstico' -> parent: 'Neonatologia'
2025-06-03 03:28:06,080 - INFO - Completed 'Pediatria' - 8 updates made

2025-06-03 03:28:06,081 - INFO - Fixing hierarchy for filter: Outros
2025-06-03 03:28:06,081 - INFO - Fetching subfilters for filter 4hwsfW2qeexbteucOQwk...
2025-06-03 03:28:06,193 - INFO - Found 134 subfilters for filter 4hwsfW2qeexbteucOQwk
2025-06-03 03:28:06,193 - INFO -   Processing 36 children for 'Ortopedia'
2025-06-03 03:28:06,193 - INFO -   Processing 23 children for 'Otorrinolaringologia'
2025-06-03 03:28:06,194 - INFO -   Processing 29 children for 'Psiquiatria'
2025-06-03 03:28:06,194 - INFO -   Processing 33 children for 'Ciclo Básico'
2025-06-03 03:28:06,260 - INFO -     Updated 'Epidemiologia' -> parent: 'Ciclo Básico'
2025-06-03 03:28:06,362 - INFO - Completed 'Outros' - 1 updates made

2025-06-03 03:28:06,362 - INFO - 
============================================================
2025-06-03 03:28:06,362 - INFO - HIERARCHY FIX SUMMARY
2025-06-03 03:28:06,362 - INFO - ============================================================
2025-06-03 03:28:06,362 - INFO - Filters Processed: 7
2025-06-03 03:28:06,363 - INFO - Total Updates Made: 33
2025-06-03 03:28:06,363 - INFO - ============================================================
2025-06-03 03:28:06,363 - INFO - Hierarchy fix completed successfully!
2025-06-03 03:28:06,363 - INFO - The frontend should now show proper hierarchical subfiltros!
